<?xml version="1.0" encoding="UTF-8"?>
<testsuite name="repository.BookRepositoryMockTest" tests="1" skipped="0" failures="0" errors="0" timestamp="2023-11-07T16:48:37" hostname="DESKTOP-SC4TTG4" time="0.013">
  <properties/>
  <testcase name="testFindById()" classname="repository.BookRepositoryMockTest" time="0.013"/>
  <system-out><![CDATA[]]></system-out>
  <system-err><![CDATA[]]></system-err>
</testsuite>
