<?xml version="1.0" encoding="UTF-8"?>
<testsuite name="repository.BookRepositoryMySQLTest" tests="1" skipped="0" failures="0" errors="0" timestamp="2023-11-07T22:23:14" hostname="DESKTOP-SC4TTG4" time="0.292">
  <properties/>
  <testcase name="testFindAll()" classname="repository.BookRepositoryMySQLTest" time="0.292"/>
  <system-out><![CDATA[]]></system-out>
  <system-err><![CDATA[]]></system-err>
</testsuite>
