<?xml version="1.0" encoding="UTF-8"?>
<testsuite name="repository.BookRepositoryMySQLTest" tests="4" skipped="0" failures="0" errors="0" timestamp="2023-11-13T12:09:49" hostname="DESKTOP-SC4TTG4" time="2.901">
  <properties/>
  <testcase name="testFindAll()" classname="repository.BookRepositoryMySQLTest" time="2.7"/>
  <testcase name="testSave()" classname="repository.BookRepositoryMySQLTest" time="0.059"/>
  <testcase name="testFindById()" classname="repository.BookRepositoryMySQLTest" time="0.071"/>
  <testcase name="testRemoveAll()" classname="repository.BookRepositoryMySQLTest" time="0.069"/>
  <system-out><![CDATA[]]></system-out>
  <system-err><![CDATA[]]></system-err>
</testsuite>
